mode: set
firstProject/service/v1/endpoints.go:13.55,14.77 1 0
firstProject/service/v1/endpoints.go:14.77,17.17 3 0
firstProject/service/v1/endpoints.go:17.17,19.4 1 0
firstProject/service/v1/endpoints.go:20.3,20.37 1 0
firstProject/service/v1/endpoints.go:24.76,27.16 3 0
firstProject/service/v1/endpoints.go:27.16,29.3 1 0
firstProject/service/v1/endpoints.go:30.2,31.29 2 0
firstProject/service/v1/endpoints.go:31.29,33.3 1 0
firstProject/service/v1/endpoints.go:34.2,34.35 1 0
firstProject/service/v1/server.go:11.74,22.2 4 0
firstProject/service/v1/server.go:24.55,25.71 1 0
firstProject/service/v1/server.go:25.71,28.3 2 0
firstProject/service/v1/service.go:11.27,13.2 1 0
firstProject/service/v1/service.go:15.93,18.2 2 0
firstProject/service/v1/transport.go:18.82,21.16 3 0
firstProject/service/v1/transport.go:21.16,23.3 1 0
firstProject/service/v1/transport.go:24.2,24.17 1 0
firstProject/service/v1/transport.go:27.91,29.2 1 0
firstProject/main.go:18.13,45.12 6 0
firstProject/main.go:45.12,49.3 3 0
firstProject/main.go:51.2,55.12 2 0
firstProject/main.go:55.12,59.3 3 0
firstProject/main.go:61.2,61.22 1 0
